<?xml version="1.0" encoding="UTF-8"?>
<!-- Generated by org.testng.reporters.JUnitXMLReporter -->
<testsuite ignored="0" hostname="CPX-SWE7MEXEIMC" failures="0" tests="1" name="Surefire test" time="4.514" errors="0" timestamp="2022-07-12T16:19:13 MESZ">
  <testcase classname="tests.Test_Story1_VerifyDSLCalculator" name="@BeforeClass setUp" time="4.444">
    <failure type="java.lang.NullPointerException" message="Cannot invoke &amp;quot;domainobjects.Cookies.setCookies(io.restassured.http.Cookies)&amp;quot; because &amp;quot;this.cookies&amp;quot; is null">
      <![CDATA[java.lang.NullPointerException: Cannot invoke "domainobjects.Cookies.setCookies(io.restassured.http.Cookies)" because "this.cookies" is null
at tests.Test_Story1_VerifyDSLCalculator.setUp(Test_Story1_VerifyDSLCalculator.java:30)
at java.base/java.util.ArrayList.forEach(ArrayList.java:1511)
... Removed 30 stack frames]]>
    </failure>
  </testcase> <!-- @BeforeClass setUp -->
  <testcase classname="tests.Test_Story1_VerifyDSLCalculator" name="@AfterClass driverClose" time="-1.657635553632E9">
    <skipped/>
  </testcase> <!-- @AfterClass driverClose -->
  <testcase classname="tests.Test_Story1_VerifyDSLCalculator" name="task1_validateServicesMenuSelection" time="0.0">
    <skipped/>
  </testcase> <!-- task1_validateServicesMenuSelection -->
</testsuite> <!-- Surefire test -->
