<?xml version="1.0" encoding="UTF-8"?>
<testsuite xmlns:xsi="http://www.w3.org/2001/XMLSchema-instance" xsi:noNamespaceSchemaLocation="https://maven.apache.org/surefire/maven-surefire-plugin/xsd/surefire-test-report-3.0.xsd" version="3.0" name="tests.Test_Story1_VerifyDSLCalculator" time="5.215" tests="3" errors="0" skipped="2" failures="1">
  <properties>
[...]
</properties>
  <testcase name="setUp" classname="tests.Test_Story1_VerifyDSLCalculator" time="4.789">
    <failure message="Cannot invoke &quot;domainobjects.Cookies.setCookies(io.restassured.http.Cookies)&quot; because &quot;this.cookies&quot; is null" type="java.lang.NullPointerException"><![CDATA[java.lang.NullPointerException: Cannot invoke "domainobjects.Cookies.setCookies(io.restassured.http.Cookies)" because "this.cookies" is null
	at tests.Test_Story1_VerifyDSLCalculator.setUp(Test_Story1_VerifyDSLCalculator.java:30)
]]></failure>
    <system-out><![CDATA[Debug4
Debug1
creating chrome driver
Debug2
DebugFraud:resources/config/dev.properties
DebugFraud1:baseUrl
DebugFraud11:https://www.verivox.de
DebugNewhttps://www.verivox.de
DebugFraud1:baseUrl
DebugFraud11:https://www.verivox.de
DebugNew1
Debug1111
Debug5
called con of base class
]]></system-out>
    <system-err><![CDATA[SLF4J: Failed to load class "org.slf4j.impl.StaticLoggerBinder".
SLF4J: Defaulting to no-operation (NOP) logger implementation
SLF4J: See http://www.slf4j.org/codes.html#StaticLoggerBinder for further details.
Starting ChromeDriver 103.0.5060.53 (a1711811edd74ff1cf2150f36ffa3b0dae40b17f-refs/branch-heads/5060@{#853}) on port 57776
Only local connections are allowed.
Please see https://chromedriver.chromium.org/security-considerations for suggestions on keeping ChromeDriver safe.
ChromeDriver was started successfully.
Juli 12, 2022 4:19:12 PM org.openqa.selenium.remote.ProtocolHandshake createSession
INFO: Detected dialect: W3C
Juli 12, 2022 4:19:12 PM org.openqa.selenium.devtools.CdpVersionFinder findNearestMatch
WARNING: Unable to find an exact match for CDP version 103, so returning the closest version found: a no-op implementation
Juli 12, 2022 4:19:12 PM org.openqa.selenium.devtools.CdpVersionFinder findNearestMatch
INFO: Unable to find CDP implementation matching 103.
Juli 12, 2022 4:19:12 PM org.openqa.selenium.chromium.ChromiumDriver lambda$new$3
WARNING: Unable to find version of CDP to use for . You may need to include a dependency on a specific version of the CDP using something similar to `org.seleniumhq.selenium:selenium-devtools-v86:4.1.2` where the version ("v86") matches the version of the chromium-based browser you're using and the version number of the artifact is the same as Selenium's.
]]></system-err>
  </testcase>
  <testcase name="task1_validateServicesMenuSelection" classname="tests.Test_Story1_VerifyDSLCalculator" time="0">
    <skipped message="Cannot invoke &quot;domainobjects.Cookies.setCookies(io.restassured.http.Cookies)&quot; because &quot;this.cookies&quot; is null"/>
  </testcase>
  <testcase name="driverClose" classname="tests.Test_Story1_VerifyDSLCalculator" time="0">
    <skipped/>
  </testcase>
</testsuite>